<?xml version="1.0" encoding="UTF-8"?>
<!-- Generated by org.testng.reporters.JUnitReportReporter -->
<testsuite skipped="0" hostname="PULIVARS2" name="MarketingTest.TestMarketing" tests="4" failures="0" timestamp="2020-02-11T18:38:33 IST" time="151.257" errors="0">
  <testcase name="Validate_Markeing_Page" time="49.392" classname="MarketingTest.TestMarketing"/>
  <testcase name="Validate_AMO_Page" time="29.598" classname="MarketingTest.TestMarketing"/>
  <testcase name="Validate_Features_Page" time="42.844" classname="MarketingTest.TestMarketing"/>
  <testcase name="Validate_PRL_Page" time="29.423" classname="MarketingTest.TestMarketing"/>
</testsuite> <!-- MarketingTest.TestMarketing -->
